<?xml version="1.0" encoding="UTF-8"?>
<testng-results ignored="0" total="1" passed="1" failed="0" skipped="0">
  <reporter-output>
  </reporter-output>
  <suite started-at="2022-07-19T10:36:38 IST" name="Default suite" finished-at="2022-07-19T10:36:43 IST" duration-ms="5027">
    <groups>
    </groups>
    <test started-at="2022-07-19T10:36:38 IST" name="Default test" finished-at="2022-07-19T10:36:43 IST" duration-ms="5027">
      <class name="Automation.ExtentReport.ExtentReportDemo">
        <test-method is-config="true" signature="config()[pri:0, instance:Automation.ExtentReport.ExtentReportDemo@196a42c3]" started-at="2022-07-19T10:36:38 IST" name="config" finished-at="2022-07-19T10:36:39 IST" duration-ms="182" status="PASS">
          <reporter-output>
          </reporter-output>
        </test-method> <!-- config -->
        <test-method signature="initialDemo()[pri:0, instance:Automation.ExtentReport.ExtentReportDemo@196a42c3]" started-at="2022-07-19T10:36:39 IST" name="initialDemo" finished-at="2022-07-19T10:36:43 IST" duration-ms="4812" status="PASS">
          <reporter-output>
          </reporter-output>
        </test-method> <!-- initialDemo -->
      </class> <!-- Automation.ExtentReport.ExtentReportDemo -->
    </test> <!-- Default test -->
  </suite> <!-- Default suite -->
</testng-results>
